#
# There is insufficient memory for the Java Runtime Environment to continue.
# Native memory allocation (malloc) failed to allocate 1048576 bytes for AllocateHeap
# Possible reasons:
#   The system is out of physical RAM or swap space
#   In 32 bit mode, the process size limit was hit
# Possible solutions:
#   Reduce memory load on the system
#   Increase physical memory or swap space
#   Check if swap backing store is full
#   Use 64 bit Java on a 64 bit OS
#   Decrease Java heap size (-Xmx/-Xms)
#   Decrease number of Java threads
#   Decrease Java thread stack sizes (-Xss)
#   Set larger code cache with -XX:ReservedCodeCacheSize=
# This output file may be truncated or incomplete.
#
#  Out of Memory Error (memory/allocation.inline.hpp:61), pid=7480, tid=0x0000000000001bfc
#
# JRE version:  (8.0_101-b13) (build )
# Java VM: Java HotSpot(TM) 64-Bit Server VM (25.101-b13 mixed mode windows-amd64 compressed oops)
# Failed to write core dump. Minidumps are not enabled by default on client versions of Windows
#

---------------  T H R E A D  ---------------

Current thread (0x0000000002ba0800):  JavaThread "Unknown thread" [_thread_in_vm, id=7164, stack(0x0000000001340000,0x0000000001440000)]

Stack: [0x0000000001340000,0x0000000001440000]
[error occurred during error reporting (printing stack bounds), id 0xc0000005]

Native frames: (J=compiled Java code, j=interpreted, Vv=VM code, C=native code)


---------------  P R O C E S S  ---------------

Java Threads: ( => current thread )

Other Threads:

=>0x0000000002ba0800 (exited) JavaThread "Unknown thread" [_thread_in_vm, id=7164, stack(0x0000000001340000,0x0000000001440000)]

VM state:not at safepoint (normal execution)

VM Mutex/Monitor currently owned by a thread: None

Heap:
 PSYoungGen      total 38400K, used 665K [0x00000000d5980000, 0x00000000d8400000, 0x0000000100000000)
  eden space 33280K, 2% used [0x00000000d5980000,0x00000000d5a26670,0x00000000d7a00000)
  from space 5120K, 0% used [0x00000000d7f00000,0x00000000d7f00000,0x00000000d8400000)
  to   space 5120K, 0% used [0x00000000d7a00000,0x00000000d7a00000,0x00000000d7f00000)
 ParOldGen       total 87552K, used 0K [0x0000000080c00000, 0x0000000086180000, 0x00000000d5980000)
  object space 87552K, 0% used [0x0000000080c00000,0x0000000080c00000,0x0000000086180000)
 Metaspace       used 751K, capacity 1092K, committed 1152K, reserved 1060864K
  class space    used 75K, capacity 384K, committed 384K, reserved 1048576K

Card table byte_map: [0x0000000012160000,0x0000000012560000] byte_map_base: 0x0000000011d5a000

Marking Bits: (ParMarkBitMap*) 0x000000006c21a6d0
 Begin Bits: [0x0000000012a10000, 0x00000000149e0000)
 End Bits:   [0x00000000149e0000, 0x00000000169b0000)

Polling page: 0x0000000001200000

CodeCache: size=245760Kb used=327Kb max_used=327Kb free=245432Kb
 bounds [0x0000000002da0000, 0x0000000003010000, 0x0000000011da0000]
 total_blobs=57 nmethods=0 adapters=38
 compilation: enabled

Compilation events (0 events):
No events

GC Heap History (0 events):
No events

Deoptimization events (0 events):
No events

Internal exceptions (0 events):
No events

Events (10 events):
Event: 0.026 loading class java/lang/Short
Event: 0.026 loading class java/lang/Short done
Event: 0.026 loading class java/lang/Integer
Event: 0.026 loading class java/lang/Integer done
Event: 0.026 loading class java/lang/Long
Event: 0.026 loading class java/lang/Long done
Event: 0.027 loading class java/lang/NullPointerException
Event: 0.028 loading class java/lang/NullPointerException done
Event: 0.028 loading class java/lang/ArithmeticException
Event: 0.028 loading class java/lang/ArithmeticException done


Dynamic libraries:
0x00007ff65bab0000 - 0x00007ff65bae7000 	C:\Program Files\Java\jre1.8.0_101\bin\javaw.exe
0x00007ff90cca0000 - 0x00007ff90ce4a000 	C:\Windows\SYSTEM32\ntdll.dll
0x00007ff90c470000 - 0x00007ff90c5aa000 	C:\Windows\system32\KERNEL32.DLL
0x00007ff90a130000 - 0x00007ff90a23f000 	C:\Windows\system32\KERNELBASE.dll
0x00007ff908a70000 - 0x00007ff908af8000 	C:\Windows\system32\apphelp.dll
0x00007ff908930000 - 0x00007ff90897f000 	C:\Windows\AppPatch\AppPatch64\AcGenral.DLL
0x00007ff90a760000 - 0x00007ff90a807000 	C:\Windows\system32\msvcrt.dll
0x00007ff909df0000 - 0x00007ff909e1b000 	C:\Windows\SYSTEM32\SspiCli.dll
0x00007ff90a820000 - 0x00007ff90a871000 	C:\Windows\system32\SHLWAPI.dll
0x00007ff90c880000 - 0x00007ff90c9f1000 	C:\Windows\system32\USER32.dll
0x00007ff90ca00000 - 0x00007ff90cb78000 	C:\Windows\system32\ole32.dll
0x00007ff90b040000 - 0x00007ff90c457000 	C:\Windows\system32\SHELL32.dll
0x00007ff909620000 - 0x00007ff90963e000 	C:\Windows\SYSTEM32\USERENV.dll
0x00007ff90c7d0000 - 0x00007ff90c875000 	C:\Windows\system32\ADVAPI32.dll
0x00007ff9010e0000 - 0x00007ff9010fb000 	C:\Windows\SYSTEM32\MPR.dll
0x00007ff90a620000 - 0x00007ff90a756000 	C:\Windows\system32\RPCRT4.dll
0x00007ff90aaa0000 - 0x00007ff90aaf7000 	C:\Windows\SYSTEM32\sechost.dll
0x00007ff90ad10000 - 0x00007ff90aee6000 	C:\Windows\SYSTEM32\combase.dll
0x00007ff90aef0000 - 0x00007ff90b035000 	C:\Windows\system32\GDI32.dll
0x00007ff90a010000 - 0x00007ff90a024000 	C:\Windows\SYSTEM32\profapi.dll
0x00007ff909280000 - 0x00007ff90931f000 	C:\Windows\SYSTEM32\SHCORE.dll
0x00007ff90a880000 - 0x00007ff90a8b4000 	C:\Windows\system32\IMM32.DLL
0x00007ff90ab00000 - 0x00007ff90ac39000 	C:\Windows\system32\MSCTF.dll
0x00007ff907930000 - 0x00007ff907b8a000 	C:\Windows\WinSxS\amd64_microsoft.windows.common-controls_6595b64144ccf1df_6.0.9600.17031_none_6242a4b3ecbb55a1\COMCTL32.dll
0x000000006c2a0000 - 0x000000006c372000 	C:\Program Files\Java\jre1.8.0_101\bin\msvcr100.dll
0x000000006ba00000 - 0x000000006c29a000 	C:\Program Files\Java\jre1.8.0_101\bin\server\jvm.dll
0x00007ff9073b0000 - 0x00007ff9073b9000 	C:\Windows\SYSTEM32\WSOCK32.dll
0x00007ff907770000 - 0x00007ff90778f000 	C:\Windows\SYSTEM32\WINMM.dll
0x00007ff909330000 - 0x00007ff90933a000 	C:\Windows\SYSTEM32\VERSION.dll
0x00007ff90a810000 - 0x00007ff90a817000 	C:\Windows\system32\PSAPI.DLL
0x00007ff90cb80000 - 0x00007ff90cbd8000 	C:\Windows\system32\WS2_32.dll
0x00007ff907640000 - 0x00007ff90766a000 	C:\Windows\SYSTEM32\WINMMBASE.dll
0x00007ff90c460000 - 0x00007ff90c469000 	C:\Windows\system32\NSI.dll
0x00007ff90a0e0000 - 0x00007ff90a12a000 	C:\Windows\SYSTEM32\cfgmgr32.dll
0x00007ff908cd0000 - 0x00007ff908cf6000 	C:\Windows\SYSTEM32\DEVOBJ.dll
0x000000006b9f0000 - 0x000000006b9ff000 	C:\Program Files\Java\jre1.8.0_101\bin\verify.dll
0x000000006b9c0000 - 0x000000006b9e9000 	C:\Program Files\Java\jre1.8.0_101\bin\java.dll
0x000000006b9a0000 - 0x000000006b9b6000 	C:\Program Files\Java\jre1.8.0_101\bin\zip.dll

VM Arguments:
jvm_args: -Dfile.encoding=Cp1252 
java_command: Vista.framePersona
java_class_path (initial): C:\Users\reyin_000\workspace\Sistema\bin
Launcher Type: SUN_STANDARD

Environment Variables:
PATH=C:\ProgramData\Oracle\Java\javapath;C:\Windows\system32;C:\Windows;C:\Windows\System32\Wbem;C:\Windows\System32\WindowsPowerShell\v1.0\;C:\Program Files\Microsoft SQL Server\110\DTS\Binn\;C:\Program Files (x86)\Microsoft SQL Server\110\Tools\Binn\;C:\Program Files\Microsoft SQL Server\110\Tools\Binn\;C:\Program Files (x86)\Microsoft SQL Server\110\Tools\Binn\ManagementStudio\;C:\Program Files (x86)\Microsoft Visual Studio 10.0\Common7\IDE\PrivateAssemblies\;C:\Program Files (x86)\Microsoft SQL Server\110\DTS\Binn\;C:\Program Files (x86)\Microsoft ASP.NET\ASP.NET Web Pages\v1.0\;C:\Program Files (x86)\Windows Kits\8.0\Windows Performance Toolkit\;C:\Program Files\Java\jdk1.8.0_101\bin;C:\apache-maven-3.6.1\bin;C:\Users\reyin_000\AppData\Local\Programs\Python\Python35-32\Scripts\;C:\Users\reyin_000\AppData\Local\Programs\Python\Python35-32\;C:\Program Files\JetBrains\IntelliJ IDEA 2019.1.3\bin;
USERNAME=reyin_000
OS=Windows_NT
PROCESSOR_IDENTIFIER=Intel64 Family 6 Model 58 Stepping 9, GenuineIntel



---------------  S Y S T E M  ---------------

OS: Windows 8.1 , 64 bit Build 9600 (6.3.9600.17056)

CPU:total 2 (2 cores per cpu, 1 threads per core) family 6 model 58 stepping 9, cmov, cx8, fxsr, mmx, sse, sse2, sse3, ssse3, sse4.1, sse4.2, popcnt, clmul, erms, tsc, tscinvbit, tscinv

Memory: 4k page, physical 8334748k(2608604k free), swap 11480476k(5592k free)

vm_info: Java HotSpot(TM) 64-Bit Server VM (25.101-b13) for windows-amd64 JRE (1.8.0_101-b13), built on Jun 22 2016 01:21:29 by "java_re" with MS VC++ 10.0 (VS2010)

time: Sun Jun 30 20:01:04 2019
elapsed time: 0 seconds (0d 0h 0m 0s)

